<?xml version="1.0" encoding="UTF-8"?>
<testsuite xmlns:xsi="http://www.w3.org/2001/XMLSchema-instance" xsi:schemaLocation="https://maven.apache.org/surefire/maven-surefire-plugin/xsd/surefire-test-report.xsd" name="tests.HomePageTest" time="4.947" tests="2" errors="0" skipped="0" failures="0">
  <properties>
[...]
</properties>
  <testcase name="shouldReturnCorrectPageTitle" classname="tests.HomePageTest" time="2.574"/>
  <testcase name="shouldSeeBestsellerItemsOnHomePage" classname="tests.HomePageTest" time="2.356"/>
</testsuite>